<?xml version="1.0" encoding="UTF-8"?>
<!-- Generated by org.testng.reporters.JUnitXMLReporter -->
<testsuite ignored="0" hostname="DESKTOP-EKTU0VS" failures="0" tests="1" name="Test-Runner-firefox" time="66.461" errors="0" timestamp="2024-03-13T12:35:18 IST">
  <testcase classname="Practice.CreateProductWithTheMandatoryDetails" name="CreateProductWithTheMandatoryDetails" time="22.363"/>
</testsuite> <!-- Test-Runner-firefox -->
