<?xml version="1.0" encoding="UTF-8"?>
<!-- Generated by org.testng.reporters.JUnitXMLReporter -->
<testsuite ignored="0" hostname="DESKTOP-EKTU0VS" failures="0" tests="1" name="Test-Runner-1" time="100.446" errors="0" timestamp="2024-03-13T12:25:52 IST">
  <testcase classname="Practice.CreateProductWithTheMandatoryDetails" name="CreateProductWithTheMandatoryDetails" time="53.598"/>
</testsuite> <!-- Test-Runner-1 -->
