<?xml version="1.0" encoding="UTF-8"?>
<!-- Generated by org.testng.reporters.JUnitXMLReporter -->
<testsuite ignored="0" hostname="DESKTOP-EKTU0VS" failures="0" tests="1" name="Test-Runner-2" time="93.496" errors="0" timestamp="2024-03-13T12:25:45 IST">
  <testcase classname="Practice.CreateVendorWithTheMandatoryDetails" name="CreateVendorWithTheMandatoryDetails" time="50.579"/>
</testsuite> <!-- Test-Runner-2 -->
