<?xml version="1.0" encoding="UTF-8"?>
<!-- Generated by org.testng.reporters.JUnitXMLReporter -->
<testsuite ignored="0" hostname="DESKTOP-EKTU0VS" failures="0" tests="1" name="Test-Runner-Chrome" time="102.479" errors="0" timestamp="2024-03-13T12:34:14 IST">
  <testcase classname="Practice.CreateProductWithTheMandatoryDetails" name="CreateProductWithTheMandatoryDetails" time="51.314"/>
</testsuite> <!-- Test-Runner-Chrome -->
