<?xml version="1.0" encoding="UTF-8"?>
<!-- Generated by org.testng.reporters.JUnitReportReporter -->
<testsuite hostname="DESKTOP-EKTU0VS" failures="0" tests="1" name="Practice.CreateVendorWithTheMandatoryDetails" time="76.609" errors="0" timestamp="2024-03-13T12:25:53 IST" skipped="0">
  <testcase classname="Practice.CreateVendorWithTheMandatoryDetails" name="CreateVendorWithTheMandatoryDetails" time="76.609"/>
</testsuite> <!-- Practice.CreateVendorWithTheMandatoryDetails -->
