<?xml version="1.0" encoding="UTF-8"?>
<!-- Generated by org.testng.reporters.JUnitReportReporter -->
<testsuite hostname="DESKTOP-EKTU0VS" failures="0" tests="1" name="Practice.CreateLeadWithTheMandatoryDetailsTest" time="49.257" errors="0" timestamp="2024-03-21T12:23:33 IST" skipped="0">
  <testcase classname="Practice.CreateLeadWithTheMandatoryDetailsTest" name="CreateLeadWithTheMandatoryDetails" time="49.257"/>
</testsuite> <!-- Practice.CreateLeadWithTheMandatoryDetailsTest -->
