<?xml version="1.0" encoding="UTF-8"?>
<!-- Generated by org.testng.reporters.JUnitReportReporter -->
<testsuite hostname="DESKTOP-EKTU0VS" failures="0" tests="1" name="Practice.CreateContactWithTheMandatoryDetailsTest" time="57.707" errors="0" timestamp="2024-03-21T11:47:18 IST" skipped="0">
  <testcase classname="Practice.CreateContactWithTheMandatoryDetailsTest" name="CreateContactWithTheMandatoryDetails" time="57.707"/>
</testsuite> <!-- Practice.CreateContactWithTheMandatoryDetailsTest -->
