<?xml version="1.0" encoding="UTF-8"?>
<!-- Generated by org.testng.reporters.JUnitReportReporter -->
<testsuite hostname="DESKTOP-EKTU0VS" failures="0" tests="1" name="Practice.CreateContactWithTheMandatoryDetails" time="126.041" errors="0" timestamp="2024-03-20T11:45:38 IST" skipped="0">
  <testcase classname="Practice.CreateContactWithTheMandatoryDetails" name="CreateContactWithTheMandatoryDetails" time="126.041"/>
</testsuite> <!-- Practice.CreateContactWithTheMandatoryDetails -->
