<?xml version="1.0" encoding="UTF-8"?>
<!-- Generated by org.testng.reporters.JUnitReportReporter -->
<testsuite hostname="DESKTOP-EKTU0VS" failures="0" tests="2" name="Practice.AssertPractice" time="0.203" errors="0" timestamp="2024-03-08T11:25:26 IST" skipped="0">
  <testcase classname="Practice.AssertPractice" name="SoftAssertEx" time="0.045"/>
  <testcase classname="Practice.AssertPractice" name="HardAssertEx" time="0.158"/>
</testsuite> <!-- Practice.AssertPractice -->
